wodice/build/app/outputs/mapping/release/mapping.txt
# compiler: R8
# compiler_version: 2.1.62
# min_api: 16
# pg_map_id: e220aaf
# common_typos_disable
...
androidx.collection.MapCollections -> a.a.c:
    androidx.collection.MapCollections$KeySet mKeySet -> b
    androidx.collection.MapCollections$ValuesCollection mValues -> c
    androidx.collection.MapCollections$EntrySet mEntrySet -> a
    void colClear() -> a
    java.lang.Object colGetEntry(int,int) -> b
    java.util.Map colGetMap() -> c
    int colGetSize() -> d
    int colIndexOfKey(java.lang.Object) -> e
    int colIndexOfValue(java.lang.Object) -> f
    void colPut(java.lang.Object,java.lang.Object) -> g
    void colRemoveAt(int) -> h
    java.lang.Object colSetValue(int,java.lang.Object) -> i
    boolean containsAllHelper(java.util.Map,java.util.Collection) -> j
    boolean equalsSetHelper(java.util.Set,java.lang.Object) -> k
    java.util.Set getEntrySet() -> l
    java.util.Set getKeySet() -> m
    java.util.Collection getValues() -> n
    boolean removeAllHelper(java.util.Map,java.util.Collection) -> o
    boolean retainAllHelper(java.util.Map,java.util.Collection) -> p
    java.lang.Object[] toArrayHelper(int) -> q
    java.lang.Object[] toArrayHelper(java.lang.Object[],int) -> r
androidx.collection.MapCollections$ArrayIterator -> a.a.c$a:
    androidx.collection.MapCollections this$0 -> e
    int mSize -> b
    int mIndex -> c
    int mOffset -> a
    boolean mCanRemove -> d
androidx.collection.MapCollections$EntrySet -> a.a.c$b:
    androidx.collection.MapCollections this$0 -> a
    boolean add(java.util.Map$Entry) -> a
androidx.collection.MapCollections$KeySet -> a.a.c$c:
    androidx.collection.MapCollections this$0 -> a
androidx.collection.MapCollections$MapIterator -> a.a.c$d:
    int mIndex -> b
    boolean mEntryValid -> c
    androidx.collection.MapCollections this$0 -> d
    int mEnd -> a
    java.util.Map$Entry next() -> a
androidx.collection.MapCollections$ValuesCollection -> a.a.c$e:
    androidx.collection.MapCollections this$0 -> a
androidx.collection.SimpleArrayMap -> a.a.d:
    java.lang.Object[] mBaseCache -> d
    java.lang.Object[] mArray -> b
    int mTwiceBaseCacheSize -> g
    int mBaseCacheSize -> e
    int[] mHashes -> a
    int mSize -> c
    java.lang.Object[] mTwiceBaseCache -> f
    void allocArrays(int) -> a
    int binarySearchHashes(int[],int,int) -> b
    void ensureCapacity(int) -> c
    void freeArrays(int[],java.lang.Object[],int) -> d
    int indexOf(java.lang.Object,int) -> e
    int indexOfKey(java.lang.Object) -> f
    int indexOfNull() -> g
    int indexOfValue(java.lang.Object) -> h
    java.lang.Object keyAt(int) -> i
    java.lang.Object removeAt(int) -> j
    java.lang.Object setValueAt(int,java.lang.Object) -> k
    java.lang.Object valueAt(int) -> l
androidx.core.app.CoreComponentFactory -> androidx.core.app.CoreComponentFactory:
    java.lang.Object checkCompatWrapper(java.lang.Object) -> a
androidx.core.app.CoreComponentFactory$CompatWrapped -> androidx.core.app.CoreComponentFactory$a:
    java.lang.Object getWrapper() -> a
androidx.core.app.RemoteActionCompat -> androidx.core.app.RemoteActionCompat:
    androidx.core.graphics.drawable.IconCompat mIcon -> a
    java.lang.CharSequence mTitle -> b
    java.lang.CharSequence mContentDescription -> c
    boolean mEnabled -> e
    boolean mShouldShowIcon -> f
    android.app.PendingIntent mActionIntent -> d