wodice/build/app/outputs/mapping/release/usage.txt
com.Akmenah.WoDice.R$styleable
com.Akmenah.WoDice.R$style
com.Akmenah.WoDice.R$attr
com.Akmenah.WoDice.BuildConfig
com.Akmenah.WoDice.R$string
com.Akmenah.WoDice.R$color
com.example.wodice.MainActivity
com.Akmenah.WoDice.R$layout
com.Akmenah.WoDice.R
com.Akmenah.WoDice.R$mipmap
com.Akmenah.WoDice.R$drawable
com.Akmenah.WoDice.R$id
com.Akmenah.WoDice.R$integer
com.Akmenah.WoDice.R$dimen
...
com.google.common.base.CharMatcher$InRange
com.google.common.collect.ForwardingSortedMultiset$StandardElementSet
org.junit.Test$None
androidx.core.text.PrecomputedTextCompat
com.google.common.primitives.ImmutableLongArray$1
kotlin.text.Regex$findAll$1
kotlin.contracts.Returns
com.google.common.annotations.VisibleForTesting
com.google.common.base.CaseFormat$4
com.google.common.collect.AbstractBiMap$EntrySet
junit.extensions.ActiveTestSuite$1
io.flutter.Log:
    public void <init>()
    public static void setLogLevel(int)
    public static void println(int,java.lang.String,java.lang.String)
    public static void v(java.lang.String,java.lang.String)
    public static void v(java.lang.String,java.lang.String,java.lang.Throwable)
    public static void i(java.lang.String,java.lang.String)
    public static void i(java.lang.String,java.lang.String,java.lang.Throwable)
    public static void d(java.lang.String,java.lang.String)
    public static void d(java.lang.String,java.lang.String,java.lang.Throwable)
    public static void e(java.lang.String,java.lang.String,java.lang.Throwable)
    public static void wtf(java.lang.String,java.lang.String)
    public static void wtf(java.lang.String,java.lang.String,java.lang.Throwable)
com.google.common.util.concurrent.MoreExecutors$ScheduledListeningDecorator$ListenableScheduledTask
io.flutter.embedding.engine.systemchannels.TextInputChannel$TextInputMethodHandler
org.junit.experimental.theories.Theories$TheoryAnchor
com.google.common.collect.ArrayListMultimapGwtSerializationDependencies
kotlin.jvm.JvmDefault
com.google.common.collect.RegularImmutableMap$KeySet
junit.extensions.TestDecorator
androidx.core.app.NotificationCompat$StreamType
androidx.test.espresso.base.IdleNotifier
com.google.common.io.ByteSink$AsCharSink
androidx.core.view.LayoutInflaterCompat
androidx.core.view.MotionEventCompat
androidx.test.runner.MonitoringInstrumentation$1
androidx.core.app.JobIntentService$CompatJobEngine
androidx.core.view.NestedScrollingChildHelper
com.google.common.util.concurrent.MoreExecutors$1
androidx.lifecycle.GeneratedAdapter
androidx.core.view.DragAndDropPermissionsCompat
androidx.test.espresso.core.internal.deps.guava.collect.Ordering
androidx.test.espresso.core.internal.deps.guava.base.Optional$1
com.google.common.hash.BloomFilterStrategies$LockFreeBitArray
androidx.test.internal.runner.TestExecutor
androidx.test.espresso.AmbiguousViewMatcherException$Builder
org.junit.internal.builders.AllDefaultPossibilitiesBuilder
com.google.common.math.Stats
com.google.common.util.concurrent.AggregateFutureState$1
androidx.test.internal.statement.UiThreadStatement
androidx.customview.R$dimen
androidx.core.provider.FontsContractCompat$4$5
com.google.common.collect.RowSortedTable
androidx.test.espresso.matcher.PreferenceMatchers
com.google.common.cache.LongAddables$1
androidx.core.content.ContextCompat$LegacyServiceMapHolder
com.google.common.collect.Lists$TransformingRandomAccessList$1
com.google.common.collect.MapMakerInternalMap$WeakKeyWeakValueEntry$Helper
com.google.common.collect.Synchronized$SynchronizedSortedMap
com.google.common.collect.ObjectArrays
androidx.test.orchestrator.listeners.result.TestIdentifier
com.google.errorprone.annotations.CompatibleWith
androidx.test.espresso.InteractionResultsHandler$1
com.google.common.io.FileBackedOutputStream$1
com.google.common.io.BaseEncoding$StandardBaseEncoding
com.google.common.io.Closer$LoggingSuppressor
androidx.activity.R$attr
com.google.common.io.BaseEncoding$Base64Encoding
com.google.common.util.concurrent.ForwardingFuture$SimpleForwardingFuture
androidx.test.espresso.util.TreeIterables$TreeTraversalIterable
androidx.test.orchestrator.listeners.result.ITestRunListener
androidx.core.view.OneShotPreDrawListener
org.junit.experimental.theories.Theories
kotlin.io.FileTreeWalk$FileTreeWalkIterator$WhenMappings
androidx.annotation.Size
androidx.test.espresso.util.TreeIterables$TreeViewer
com.google.common.collect.Iterables$UnmodifiableIterable